{"C:\\Users\\AL KAREEM\\OneDrive\\Desktop\\SCD_Shehryar_Lab5\\app.js": {"path":"C:\\Users\\AL KAREEM\\OneDrive\\Desktop\\SCD_Shehryar_Lab5\\app.js","statementMap":{"0":{"start":{"line":1,"column":16},"end":{"line":1,"column":34}},"1":{"start":{"line":2,"column":12},"end":{"line":2,"column":21}},"2":{"start":{"line":3,"column":0},"end":{"line":3,"column":24}},"3":{"start":{"line":5,"column":12},"end":{"line":5,"column":14}},"4":{"start":{"line":6,"column":15},"end":{"line":6,"column":17}},"5":{"start":{"line":9,"column":21},"end":{"line":17,"column":1}},"6":{"start":{"line":10,"column":17},"end":{"line":10,"column":108}},"7":{"start":{"line":10,"column":33},"end":{"line":10,"column":107}},"8":{"start":{"line":11,"column":4},"end":{"line":16,"column":5}},"9":{"start":{"line":12,"column":8},"end":{"line":12,"column":24}},"10":{"start":{"line":13,"column":8},"end":{"line":13,"column":15}},"11":{"start":{"line":15,"column":8},"end":{"line":15,"column":58}},"12":{"start":{"line":20,"column":0},"end":{"line":24,"column":3}},"13":{"start":{"line":21,"column":35},"end":{"line":21,"column":43}},"14":{"start":{"line":22,"column":4},"end":{"line":22,"column":39}},"15":{"start":{"line":23,"column":4},"end":{"line":23,"column":70}},"16":{"start":{"line":27,"column":0},"end":{"line":35,"column":3}},"17":{"start":{"line":28,"column":35},"end":{"line":28,"column":43}},"18":{"start":{"line":29,"column":17},"end":{"line":29,"column":93}},"19":{"start":{"line":29,"column":36},"end":{"line":29,"column":92}},"20":{"start":{"line":30,"column":4},"end":{"line":34,"column":5}},"21":{"start":{"line":31,"column":8},"end":{"line":31,"column":62}},"22":{"start":{"line":33,"column":8},"end":{"line":33,"column":65}},"23":{"start":{"line":38,"column":0},"end":{"line":43,"column":3}},"24":{"start":{"line":39,"column":44},"end":{"line":39,"column":52}},"25":{"start":{"line":40,"column":20},"end":{"line":40,"column":88}},"26":{"start":{"line":41,"column":4},"end":{"line":41,"column":27}},"27":{"start":{"line":42,"column":4},"end":{"line":42,"column":34}},"28":{"start":{"line":46,"column":0},"end":{"line":56,"column":3}},"29":{"start":{"line":47,"column":20},"end":{"line":47,"column":99}},"30":{"start":{"line":47,"column":39},"end":{"line":47,"column":98}},"31":{"start":{"line":48,"column":4},"end":{"line":55,"column":5}},"32":{"start":{"line":49,"column":58},"end":{"line":49,"column":66}},"33":{"start":{"line":50,"column":21},"end":{"line":50,"column":85}},"34":{"start":{"line":51,"column":8},"end":{"line":51,"column":33}},"35":{"start":{"line":52,"column":8},"end":{"line":52,"column":35}},"36":{"start":{"line":54,"column":8},"end":{"line":54,"column":88}},"37":{"start":{"line":59,"column":0},"end":{"line":72,"column":3}},"38":{"start":{"line":60,"column":20},"end":{"line":60,"column":99}},"39":{"start":{"line":60,"column":39},"end":{"line":60,"column":98}},"40":{"start":{"line":61,"column":4},"end":{"line":71,"column":5}},"41":{"start":{"line":62,"column":21},"end":{"line":62,"column":74}},"42":{"start":{"line":62,"column":45},"end":{"line":62,"column":73}},"43":{"start":{"line":63,"column":8},"end":{"line":68,"column":9}},"44":{"start":{"line":64,"column":12},"end":{"line":64,"column":42}},"45":{"start":{"line":65,"column":12},"end":{"line":65,"column":27}},"46":{"start":{"line":67,"column":12},"end":{"line":67,"column":64}},"47":{"start":{"line":70,"column":8},"end":{"line":70,"column":88}},"48":{"start":{"line":75,"column":0},"end":{"line":75,"column":21}},"49":{"start":{"line":78,"column":0},"end":{"line":80,"column":1}},"50":{"start":{"line":79,"column":4},"end":{"line":79,"column":71}},"51":{"start":{"line":79,"column":27},"end":{"line":79,"column":69}}},"fnMap":{"0":{"name":"(anonymous_0)","decl":{"start":{"line":9,"column":21},"end":{"line":9,"column":22}},"loc":{"start":{"line":9,"column":41},"end":{"line":17,"column":1}},"line":9},"1":{"name":"(anonymous_1)","decl":{"start":{"line":10,"column":28},"end":{"line":10,"column":29}},"loc":{"start":{"line":10,"column":33},"end":{"line":10,"column":107}},"line":10},"2":{"name":"(anonymous_2)","decl":{"start":{"line":20,"column":22},"end":{"line":20,"column":23}},"loc":{"start":{"line":20,"column":36},"end":{"line":24,"column":1}},"line":20},"3":{"name":"(anonymous_3)","decl":{"start":{"line":27,"column":19},"end":{"line":27,"column":20}},"loc":{"start":{"line":27,"column":33},"end":{"line":35,"column":1}},"line":27},"4":{"name":"(anonymous_4)","decl":{"start":{"line":29,"column":28},"end":{"line":29,"column":29}},"loc":{"start":{"line":29,"column":36},"end":{"line":29,"column":92}},"line":29},"5":{"name":"(anonymous_5)","decl":{"start":{"line":38,"column":36},"end":{"line":38,"column":37}},"loc":{"start":{"line":38,"column":50},"end":{"line":43,"column":1}},"line":38},"6":{"name":"(anonymous_6)","decl":{"start":{"line":46,"column":48},"end":{"line":46,"column":49}},"loc":{"start":{"line":46,"column":62},"end":{"line":56,"column":1}},"line":46},"7":{"name":"(anonymous_7)","decl":{"start":{"line":47,"column":34},"end":{"line":47,"column":35}},"loc":{"start":{"line":47,"column":39},"end":{"line":47,"column":98}},"line":47},"8":{"name":"(anonymous_8)","decl":{"start":{"line":59,"column":54},"end":{"line":59,"column":55}},"loc":{"start":{"line":59,"column":68},"end":{"line":72,"column":1}},"line":59},"9":{"name":"(anonymous_9)","decl":{"start":{"line":60,"column":34},"end":{"line":60,"column":35}},"loc":{"start":{"line":60,"column":39},"end":{"line":60,"column":98}},"line":60},"10":{"name":"(anonymous_10)","decl":{"start":{"line":62,"column":40},"end":{"line":62,"column":41}},"loc":{"start":{"line":62,"column":45},"end":{"line":62,"column":73}},"line":62},"11":{"name":"(anonymous_11)","decl":{"start":{"line":79,"column":21},"end":{"line":79,"column":22}},"loc":{"start":{"line":79,"column":27},"end":{"line":79,"column":69}},"line":79}},"branchMap":{"0":{"loc":{"start":{"line":10,"column":33},"end":{"line":10,"column":107}},"type":"binary-expr","locations":[{"start":{"line":10,"column":33},"end":{"line":10,"column":68}},{"start":{"line":10,"column":72},"end":{"line":10,"column":107}}],"line":10},"1":{"loc":{"start":{"line":11,"column":4},"end":{"line":16,"column":5}},"type":"if","locations":[{"start":{"line":11,"column":4},"end":{"line":16,"column":5}},{"start":{"line":14,"column":11},"end":{"line":16,"column":5}}],"line":11},"2":{"loc":{"start":{"line":29,"column":36},"end":{"line":29,"column":92}},"type":"binary-expr","locations":[{"start":{"line":29,"column":36},"end":{"line":29,"column":62}},{"start":{"line":29,"column":66},"end":{"line":29,"column":92}}],"line":29},"3":{"loc":{"start":{"line":30,"column":4},"end":{"line":34,"column":5}},"type":"if","locations":[{"start":{"line":30,"column":4},"end":{"line":34,"column":5}},{"start":{"line":32,"column":11},"end":{"line":34,"column":5}}],"line":30},"4":{"loc":{"start":{"line":47,"column":39},"end":{"line":47,"column":98}},"type":"binary-expr","locations":[{"start":{"line":47,"column":39},"end":{"line":47,"column":65}},{"start":{"line":47,"column":69},"end":{"line":47,"column":98}}],"line":47},"5":{"loc":{"start":{"line":48,"column":4},"end":{"line":55,"column":5}},"type":"if","locations":[{"start":{"line":48,"column":4},"end":{"line":55,"column":5}},{"start":{"line":53,"column":11},"end":{"line":55,"column":5}}],"line":48},"6":{"loc":{"start":{"line":60,"column":39},"end":{"line":60,"column":98}},"type":"binary-expr","locations":[{"start":{"line":60,"column":39},"end":{"line":60,"column":65}},{"start":{"line":60,"column":69},"end":{"line":60,"column":98}}],"line":60},"7":{"loc":{"start":{"line":61,"column":4},"end":{"line":71,"column":5}},"type":"if","locations":[{"start":{"line":61,"column":4},"end":{"line":71,"column":5}},{"start":{"line":69,"column":11},"end":{"line":71,"column":5}}],"line":61},"8":{"loc":{"start":{"line":63,"column":8},"end":{"line":68,"column":9}},"type":"if","locations":[{"start":{"line":63,"column":8},"end":{"line":68,"column":9}},{"start":{"line":66,"column":15},"end":{"line":68,"column":9}}],"line":63},"9":{"loc":{"start":{"line":78,"column":0},"end":{"line":80,"column":1}},"type":"if","locations":[{"start":{"line":78,"column":0},"end":{"line":80,"column":1}},{"start":{},"end":{}}],"line":78}},"s":{"0":1,"1":1,"2":1,"3":1,"4":1,"5":1,"6":3,"7":3,"8":3,"9":3,"10":3,"11":0,"12":1,"13":2,"14":2,"15":2,"16":1,"17":0,"18":0,"19":0,"20":0,"21":0,"22":0,"23":1,"24":2,"25":2,"26":2,"27":2,"28":1,"29":1,"30":1,"31":1,"32":1,"33":1,"34":1,"35":1,"36":0,"37":1,"38":0,"39":0,"40":0,"41":0,"42":0,"43":0,"44":0,"45":0,"46":0,"47":0,"48":1,"49":1,"50":0,"51":0},"f":{"0":3,"1":3,"2":2,"3":0,"4":0,"5":2,"6":1,"7":1,"8":0,"9":0,"10":0,"11":0},"b":{"0":[3,3],"1":[3,0],"2":[0,0],"3":[0,0],"4":[1,1],"5":[1,0],"6":[0,0],"7":[0,0],"8":[0,0],"9":[0,1]},"_coverageSchema":"1a1c01bbd47fc00a2c39e90264f33305004495a9","hash":"532db4c53099ea57c28d057254110c715dfc606e"}
}
