TN:
SF:app.js
FN:9,(anonymous_0)
FN:10,(anonymous_1)
FN:20,(anonymous_2)
FN:27,(anonymous_3)
FN:29,(anonymous_4)
FN:38,(anonymous_5)
FN:46,(anonymous_6)
FN:47,(anonymous_7)
FN:59,(anonymous_8)
FN:60,(anonymous_9)
FN:62,(anonymous_10)
FN:79,(anonymous_11)
FNF:12
FNH:6
FNDA:3,(anonymous_0)
FNDA:3,(anonymous_1)
FNDA:2,(anonymous_2)
FNDA:0,(anonymous_3)
FNDA:0,(anonymous_4)
FNDA:2,(anonymous_5)
FNDA:1,(anonymous_6)
FNDA:1,(anonymous_7)
FNDA:0,(anonymous_8)
FNDA:0,(anonymous_9)
FNDA:0,(anonymous_10)
FNDA:0,(anonymous_11)
DA:1,1
DA:2,1
DA:3,1
DA:5,1
DA:6,1
DA:9,1
DA:10,3
DA:11,3
DA:12,3
DA:13,3
DA:15,0
DA:20,1
DA:21,2
DA:22,2
DA:23,2
DA:27,1
DA:28,0
DA:29,0
DA:30,0
DA:31,0
DA:33,0
DA:38,1
DA:39,2
DA:40,2
DA:41,2
DA:42,2
DA:46,1
DA:47,1
DA:48,1
DA:49,1
DA:50,1
DA:51,1
DA:52,1
DA:54,0
DA:59,1
DA:60,0
DA:61,0
DA:62,0
DA:63,0
DA:64,0
DA:65,0
DA:67,0
DA:70,0
DA:75,1
DA:78,1
DA:79,0
LF:46
LH:30
BRDA:10,0,0,3
BRDA:10,0,1,3
BRDA:11,1,0,3
BRDA:11,1,1,0
BRDA:29,2,0,0
BRDA:29,2,1,0
BRDA:30,3,0,0
BRDA:30,3,1,0
BRDA:47,4,0,1
BRDA:47,4,1,1
BRDA:48,5,0,1
BRDA:48,5,1,0
BRDA:60,6,0,0
BRDA:60,6,1,0
BRDA:61,7,0,0
BRDA:61,7,1,0
BRDA:63,8,0,0
BRDA:63,8,1,0
BRDA:78,9,0,0
BRDA:78,9,1,1
BRF:20
BRH:7
end_of_record
